24-08-22.09:34:27.780 [main            ] INFO  RaffleStrategyTest     - Starting RaffleStrategyTest using Java 1.8.0_421 on GUOWEIHONG with PID 12796 (started by 郭伟鸿 in D:\JAVA_Project\bigmarket-14610-gwh\bigmarket-14610-gwh-app)
24-08-22.09:34:27.781 [main            ] INFO  RaffleStrategyTest     - The following 1 profile is active: "dev"
24-08-22.09:34:28.849 [main            ] INFO  RepositoryConfigurationDelegate - Multiple Spring Data modules found, entering strict repository configuration mode
24-08-22.09:34:28.852 [main            ] INFO  RepositoryConfigurationDelegate - Bootstrapping Spring Data Redis repositories in DEFAULT mode.
24-08-22.09:34:28.888 [main            ] INFO  RepositoryConfigurationDelegate - Finished Spring Data repository scanning in 15 ms. Found 0 Redis repository interfaces.
24-08-22.09:34:30.015 [main            ] INFO  Version                - Redisson 3.23.4
24-08-22.09:34:30.452 [redisson-netty-2-6] INFO  MasterPubSubConnectionPool - 1 connections initialized for 124.70.185.116/124.70.185.116:6379
24-08-22.09:34:30.592 [redisson-netty-2-13] INFO  MasterConnectionPool   - 5 connections initialized for 124.70.185.116/124.70.185.116:6379
24-08-22.09:34:31.771 [main            ] INFO  EndpointLinksResolver  - Exposing 1 endpoint(s) beneath base path '/actuator'
24-08-22.09:34:31.816 [main            ] INFO  RaffleStrategyTest     - Started RaffleStrategyTest in 4.355 seconds (JVM running for 4.944)
24-08-22.09:34:32.258 [main            ] INFO  HikariDataSource       - HikariPool-1 - Starting...
24-08-22.09:34:33.169 [main            ] INFO  HikariDataSource       - HikariPool-1 - Start completed.
24-08-22.09:34:33.365 [main            ] INFO  RaffleStrategyTest     - 测试结果 true
24-08-22.09:34:33.446 [main            ] INFO  RaffleStrategyTest     - 测试结果 true
24-08-22.09:34:33.526 [main            ] INFO  RaffleStrategyTest     - 测试结果 true
24-08-22.09:34:33.705 [SpringApplicationShutdownHook] INFO  HikariDataSource       - HikariPool-1 - Shutdown initiated...
24-08-22.09:34:33.906 [SpringApplicationShutdownHook] INFO  HikariDataSource       - HikariPool-1 - Shutdown completed.
24-08-22.09:36:28.066 [main            ] INFO  RaffleStrategyTest     - Starting RaffleStrategyTest using Java 1.8.0_421 on GUOWEIHONG with PID 1424 (started by 郭伟鸿 in D:\JAVA_Project\bigmarket-14610-gwh\bigmarket-14610-gwh-app)
24-08-22.09:36:28.067 [main            ] INFO  RaffleStrategyTest     - The following 1 profile is active: "dev"
24-08-22.09:36:28.641 [main            ] INFO  RepositoryConfigurationDelegate - Multiple Spring Data modules found, entering strict repository configuration mode
24-08-22.09:36:28.644 [main            ] INFO  RepositoryConfigurationDelegate - Bootstrapping Spring Data Redis repositories in DEFAULT mode.
24-08-22.09:36:28.671 [main            ] INFO  RepositoryConfigurationDelegate - Finished Spring Data repository scanning in 14 ms. Found 0 Redis repository interfaces.
24-08-22.09:36:29.642 [main            ] INFO  Version                - Redisson 3.23.4
24-08-22.09:36:30.042 [redisson-netty-2-6] INFO  MasterPubSubConnectionPool - 1 connections initialized for 124.70.185.116/124.70.185.116:6379
24-08-22.09:36:30.186 [redisson-netty-2-13] INFO  MasterConnectionPool   - 5 connections initialized for 124.70.185.116/124.70.185.116:6379
24-08-22.09:36:31.253 [main            ] INFO  EndpointLinksResolver  - Exposing 1 endpoint(s) beneath base path '/actuator'
24-08-22.09:36:31.292 [main            ] INFO  RaffleStrategyTest     - Started RaffleStrategyTest in 3.509 seconds (JVM running for 4.081)
24-08-22.09:36:31.657 [main            ] INFO  HikariDataSource       - HikariPool-1 - Starting...
24-08-22.09:36:32.296 [main            ] INFO  HikariDataSource       - HikariPool-1 - Start completed.
24-08-22.09:36:32.493 [main            ] INFO  RaffleStrategyTest     - 测试结果 true
24-08-22.09:36:32.574 [main            ] INFO  RaffleStrategyTest     - 测试结果 true
24-08-22.09:36:32.655 [main            ] INFO  RaffleStrategyTest     - 测试结果 true
24-08-22.09:36:32.732 [main            ] INFO  RaffleStrategyTest     - 测试结果：true
24-08-22.09:36:32.792 [main            ] INFO  DefaultLogicChain      - 抽奖责任链-默认处理 userId: gwh strategyId: 100006 ruleModel: default awardId: 102
24-08-22.09:36:32.793 [main            ] INFO  AbstractRaffleStrategy - 责任链100006 gwh 102 default
24-08-22.09:36:32.939 [main            ] INFO  RaffleStrategyTest     - 请求参数：{"strategyId":100006,"userId":"gwh"}
24-08-22.09:36:32.943 [main            ] INFO  RaffleStrategyTest     - 请求参数：{"awardId":102}
24-08-22.09:36:33.004 [SpringApplicationShutdownHook] INFO  HikariDataSource       - HikariPool-1 - Shutdown initiated...
24-08-22.09:36:33.081 [SpringApplicationShutdownHook] INFO  HikariDataSource       - HikariPool-1 - Shutdown completed.
24-08-22.09:41:47.897 [main            ] INFO  RaffleStrategyTest     - Starting RaffleStrategyTest using Java 1.8.0_421 on GUOWEIHONG with PID 13400 (started by 郭伟鸿 in D:\JAVA_Project\bigmarket-14610-gwh\bigmarket-14610-gwh-app)
24-08-22.09:41:47.899 [main            ] INFO  RaffleStrategyTest     - The following 1 profile is active: "dev"
24-08-22.09:41:48.559 [main            ] INFO  RepositoryConfigurationDelegate - Multiple Spring Data modules found, entering strict repository configuration mode
24-08-22.09:41:48.561 [main            ] INFO  RepositoryConfigurationDelegate - Bootstrapping Spring Data Redis repositories in DEFAULT mode.
24-08-22.09:41:48.586 [main            ] INFO  RepositoryConfigurationDelegate - Finished Spring Data repository scanning in 13 ms. Found 0 Redis repository interfaces.
24-08-22.09:41:49.537 [main            ] INFO  Version                - Redisson 3.23.4
24-08-22.09:41:49.928 [redisson-netty-2-6] INFO  MasterPubSubConnectionPool - 1 connections initialized for 124.70.185.116/124.70.185.116:6379
24-08-22.09:41:50.058 [redisson-netty-2-13] INFO  MasterConnectionPool   - 5 connections initialized for 124.70.185.116/124.70.185.116:6379
24-08-22.09:41:51.157 [main            ] INFO  EndpointLinksResolver  - Exposing 1 endpoint(s) beneath base path '/actuator'
24-08-22.09:41:51.195 [main            ] INFO  RaffleStrategyTest     - Started RaffleStrategyTest in 3.579 seconds (JVM running for 4.163)
24-08-22.09:41:51.573 [main            ] INFO  HikariDataSource       - HikariPool-1 - Starting...
24-08-22.09:41:52.188 [main            ] INFO  HikariDataSource       - HikariPool-1 - Start completed.
24-08-22.09:41:52.367 [main            ] INFO  RaffleStrategyTest     - 测试结果 true
24-08-22.09:41:52.438 [main            ] INFO  RaffleStrategyTest     - 测试结果 true
24-08-22.09:41:52.509 [main            ] INFO  RaffleStrategyTest     - 测试结果 true
24-08-22.09:41:52.588 [main            ] INFO  RaffleStrategyTest     - 测试结果：true
24-08-22.09:41:52.609 [main            ] INFO  BackListLogicChain     - 抽奖责任链-黑名单开始 userId: gwh strategyId: 100006 ruleModel: rule_blacklist
24-08-22.09:41:52.692 [SpringApplicationShutdownHook] INFO  HikariDataSource       - HikariPool-1 - Shutdown initiated...
24-08-22.09:41:52.742 [SpringApplicationShutdownHook] INFO  HikariDataSource       - HikariPool-1 - Shutdown completed.
24-08-22.09:42:19.852 [main            ] INFO  RaffleStrategyTest     - Starting RaffleStrategyTest using Java 1.8.0_421 on GUOWEIHONG with PID 5028 (started by 郭伟鸿 in D:\JAVA_Project\bigmarket-14610-gwh\bigmarket-14610-gwh-app)
24-08-22.09:42:19.852 [main            ] INFO  RaffleStrategyTest     - The following 1 profile is active: "dev"
24-08-22.09:42:20.448 [main            ] INFO  RepositoryConfigurationDelegate - Multiple Spring Data modules found, entering strict repository configuration mode
24-08-22.09:42:20.451 [main            ] INFO  RepositoryConfigurationDelegate - Bootstrapping Spring Data Redis repositories in DEFAULT mode.
24-08-22.09:42:20.477 [main            ] INFO  RepositoryConfigurationDelegate - Finished Spring Data repository scanning in 13 ms. Found 0 Redis repository interfaces.
24-08-22.09:42:21.455 [main            ] INFO  Version                - Redisson 3.23.4
24-08-22.09:42:21.855 [redisson-netty-2-6] INFO  MasterPubSubConnectionPool - 1 connections initialized for 124.70.185.116/124.70.185.116:6379
24-08-22.09:42:21.994 [redisson-netty-2-13] INFO  MasterConnectionPool   - 5 connections initialized for 124.70.185.116/124.70.185.116:6379
24-08-22.09:42:23.074 [main            ] INFO  EndpointLinksResolver  - Exposing 1 endpoint(s) beneath base path '/actuator'
24-08-22.09:42:23.112 [main            ] INFO  RaffleStrategyTest     - Started RaffleStrategyTest in 3.525 seconds (JVM running for 4.106)
24-08-22.09:42:23.481 [main            ] INFO  HikariDataSource       - HikariPool-1 - Starting...
24-08-22.09:42:24.103 [main            ] INFO  HikariDataSource       - HikariPool-1 - Start completed.
24-08-22.09:42:24.294 [main            ] INFO  RaffleStrategyTest     - 测试结果 true
24-08-22.09:42:24.371 [main            ] INFO  RaffleStrategyTest     - 测试结果 true
24-08-22.09:42:24.450 [main            ] INFO  RaffleStrategyTest     - 测试结果 true
24-08-22.09:42:24.535 [main            ] INFO  RaffleStrategyTest     - 测试结果：true
24-08-22.09:42:24.597 [main            ] INFO  DefaultLogicChain      - 抽奖责任链-默认处理 userId: gwh strategyId: 100006 ruleModel: default awardId: 102
24-08-22.09:42:24.597 [main            ] INFO  AbstractRaffleStrategy - 责任链100006 gwh 102 default
24-08-22.09:42:24.715 [main            ] INFO  RaffleStrategyTest     - 请求参数：{"strategyId":100006,"userId":"gwh"}
24-08-22.09:42:24.718 [main            ] INFO  RaffleStrategyTest     - 请求参数：{"awardId":102}
24-08-22.09:42:24.759 [SpringApplicationShutdownHook] INFO  HikariDataSource       - HikariPool-1 - Shutdown initiated...
24-08-22.09:42:24.857 [SpringApplicationShutdownHook] INFO  HikariDataSource       - HikariPool-1 - Shutdown completed.
24-08-22.09:45:28.965 [main            ] INFO  RaffleStrategyTest     - Starting RaffleStrategyTest using Java 1.8.0_421 on GUOWEIHONG with PID 3336 (started by 郭伟鸿 in D:\JAVA_Project\bigmarket-14610-gwh\bigmarket-14610-gwh-app)
24-08-22.09:45:28.966 [main            ] INFO  RaffleStrategyTest     - The following 1 profile is active: "dev"
24-08-22.09:45:29.631 [main            ] INFO  RepositoryConfigurationDelegate - Multiple Spring Data modules found, entering strict repository configuration mode
24-08-22.09:45:29.635 [main            ] INFO  RepositoryConfigurationDelegate - Bootstrapping Spring Data Redis repositories in DEFAULT mode.
24-08-22.09:45:29.668 [main            ] INFO  RepositoryConfigurationDelegate - Finished Spring Data repository scanning in 12 ms. Found 0 Redis repository interfaces.
24-08-22.09:45:31.119 [main            ] INFO  Version                - Redisson 3.23.4
24-08-22.09:45:31.695 [redisson-netty-2-6] INFO  MasterPubSubConnectionPool - 1 connections initialized for 124.70.185.116/124.70.185.116:6379
24-08-22.09:45:31.844 [redisson-netty-2-13] INFO  MasterConnectionPool   - 5 connections initialized for 124.70.185.116/124.70.185.116:6379
24-08-22.09:45:33.756 [main            ] INFO  EndpointLinksResolver  - Exposing 1 endpoint(s) beneath base path '/actuator'
24-08-22.09:45:33.822 [main            ] INFO  RaffleStrategyTest     - Started RaffleStrategyTest in 5.183 seconds (JVM running for 6.042)
24-08-22.09:45:34.296 [main            ] INFO  HikariDataSource       - HikariPool-1 - Starting...
24-08-22.09:45:35.094 [main            ] INFO  HikariDataSource       - HikariPool-1 - Start completed.
24-08-22.09:46:17.644 [HikariPool-1 housekeeper] WARN  HikariPool             - HikariPool-1 - Thread starvation or clock leap detected (housekeeper delta=1m12s548ms714µs700ns).
24-08-22.09:46:17.805 [main            ] INFO  RaffleStrategyTest     - 测试结果 true
24-08-22.09:46:28.741 [main            ] INFO  RaffleStrategyTest     - 测试结果 true
24-08-22.09:46:29.745 [main            ] INFO  RaffleStrategyTest     - 测试结果 true
24-08-22.09:46:32.465 [main            ] INFO  RaffleStrategyTest     - 测试结果：true
24-08-22.09:46:32.507 [main            ] INFO  BackListLogicChain     - 抽奖责任链-黑名单开始 userId: gwh strategyId: 100006 ruleModel: rule_blacklist
24-08-22.09:46:49.215 [main            ] INFO  BackListLogicChain     - 抽奖责任链-黑名单放行userId:gwh strategyId:100006 ruleModel:rule_blacklist 
24-08-22.09:46:51.625 [main            ] INFO  DefaultLogicChain      - 抽奖责任链-默认处理 userId: gwh strategyId: 100006 ruleModel: default awardId: 102
24-08-22.09:47:14.322 [main            ] INFO  AbstractRaffleStrategy - 责任链100006 gwh 102 default
24-08-22.09:47:14.497 [main            ] INFO  RaffleStrategyTest     - 请求参数：{"strategyId":100006,"userId":"gwh"}
24-08-22.09:47:14.499 [main            ] INFO  RaffleStrategyTest     - 请求参数：{"awardId":102}
24-08-22.09:47:14.561 [SpringApplicationShutdownHook] INFO  HikariDataSource       - HikariPool-1 - Shutdown initiated...
24-08-22.09:47:14.676 [SpringApplicationShutdownHook] INFO  HikariDataSource       - HikariPool-1 - Shutdown completed.
24-08-22.09:48:01.481 [main            ] INFO  RaffleStrategyTest     - Starting RaffleStrategyTest using Java 1.8.0_421 on GUOWEIHONG with PID 26216 (started by 郭伟鸿 in D:\JAVA_Project\bigmarket-14610-gwh\bigmarket-14610-gwh-app)
24-08-22.09:48:01.482 [main            ] INFO  RaffleStrategyTest     - The following 1 profile is active: "dev"
24-08-22.09:48:02.195 [main            ] INFO  RepositoryConfigurationDelegate - Multiple Spring Data modules found, entering strict repository configuration mode
24-08-22.09:48:02.199 [main            ] INFO  RepositoryConfigurationDelegate - Bootstrapping Spring Data Redis repositories in DEFAULT mode.
24-08-22.09:48:02.227 [main            ] INFO  RepositoryConfigurationDelegate - Finished Spring Data repository scanning in 13 ms. Found 0 Redis repository interfaces.
24-08-22.09:48:03.789 [main            ] INFO  Version                - Redisson 3.23.4
24-08-22.09:48:04.397 [redisson-netty-2-6] INFO  MasterPubSubConnectionPool - 1 connections initialized for 124.70.185.116/124.70.185.116:6379
24-08-22.09:48:04.529 [redisson-netty-2-13] INFO  MasterConnectionPool   - 5 connections initialized for 124.70.185.116/124.70.185.116:6379
24-08-22.09:48:06.426 [main            ] INFO  EndpointLinksResolver  - Exposing 1 endpoint(s) beneath base path '/actuator'
24-08-22.09:48:06.492 [main            ] INFO  RaffleStrategyTest     - Started RaffleStrategyTest in 5.347 seconds (JVM running for 6.111)
24-08-22.09:48:06.973 [main            ] INFO  HikariDataSource       - HikariPool-1 - Starting...
24-08-22.09:48:07.799 [main            ] INFO  HikariDataSource       - HikariPool-1 - Start completed.
24-08-22.09:48:28.846 [HikariPool-1 housekeeper] WARN  HikariPool             - HikariPool-1 - Thread starvation or clock leap detected (housekeeper delta=51s46ms206µs100ns).
24-08-22.09:48:34.941 [main            ] INFO  RaffleStrategyTest     - 测试结果 true
24-08-22.09:48:35.082 [main            ] INFO  RaffleStrategyTest     - 测试结果 true
24-08-22.09:48:35.263 [main            ] INFO  RaffleStrategyTest     - 测试结果 true
24-08-22.09:48:35.782 [main            ] INFO  RaffleStrategyTest     - 测试结果：true
24-08-22.09:48:35.807 [main            ] INFO  BackListLogicChain     - 抽奖责任链-黑名单开始 userId: user001 strategyId: 100006 ruleModel: rule_blacklist
24-08-22.09:48:36.001 [main            ] INFO  BackListLogicChain     - 抽奖责任链-黑名单接管 userId: user001 strategyId: 100006 ruleModel: rule_blacklist awardId: 100
24-08-22.09:48:36.004 [main            ] INFO  AbstractRaffleStrategy - 责任链100006 user001 100 rule_blacklist
24-08-22.09:48:36.188 [main            ] INFO  RaffleStrategyTest     - 请求参数：{"strategyId":100006,"userId":"user001"}
24-08-22.09:48:36.190 [main            ] INFO  RaffleStrategyTest     - 请求参数：{"awardId":100}
24-08-22.09:48:36.248 [SpringApplicationShutdownHook] INFO  HikariDataSource       - HikariPool-1 - Shutdown initiated...
24-08-22.09:48:36.478 [SpringApplicationShutdownHook] INFO  HikariDataSource       - HikariPool-1 - Shutdown completed.
